Build started 4/7/2017 3:20:41 PM.
     1>Project "C:\Users\A Cell MUSCHITO\Documents\Visual Studio 2013\Projects\Pet_shelter_app v1.0\Pet_shelter_app\Pet_shelter_app.vcxproj" on node 2 (Build target(s)).
     1>C:\Program Files (x86)\MSBuild\Microsoft.Cpp\v4.0\V120\Microsoft.CppBuild.targets(381,5): warning MSB8028: The intermediate directory (Debug\) contains files shared from another project (Pet_shelter_app.vcxproj).  This can lead to incorrect clean and rebuild behavior.
     1>ClCompile:
         C:\Program Files (x86)\Microsoft Visual Studio 12.0\VC\bin\CL.exe /c /ZI /nologo /W3 /WX- /sdl /Od /Oy- /D _MBCS /Gm /EHsc /RTC1 /MDd /GS /fp:precise /Zc:wchar_t /Zc:forScope /Fo"Debug\\" /Fd"Debug\vc120.pdb" /Gd /TP /analyze- /errorReport:prompt Controller.cpp Animal.cpp DynamicArray.cpp Main.cpp Repository.cpp Shelter.cpp UI.cpp
         UI.cpp
         Shelter.cpp
         Repository.cpp
         Main.cpp
         DynamicArray.cpp
         Animal.cpp
         Controller.cpp
         Generating Code...
       Link:
         C:\Program Files (x86)\Microsoft Visual Studio 12.0\VC\bin\link.exe /ERRORREPORT:PROMPT /OUT:"C:\Users\A Cell MUSCHITO\Documents\Visual Studio 2013\Projects\Pet_shelter_app v1.0\Debug\Pet_shelter_app v1.0.exe" /INCREMENTAL /NOLOGO kernel32.lib user32.lib gdi32.lib winspool.lib comdlg32.lib advapi32.lib shell32.lib ole32.lib oleaut32.lib uuid.lib odbc32.lib odbccp32.lib /MANIFEST /MANIFESTUAC:"level='asInvoker' uiAccess='false'" /manifest:embed /DEBUG /PDB:"C:\Users\A Cell MUSCHITO\Documents\Visual Studio 2013\Projects\Pet_shelter_app v1.0\Debug\Pet_shelter_app v1.0.pdb" /TLBID:1 /DYNAMICBASE /NXCOMPAT /IMPLIB:"C:\Users\A Cell MUSCHITO\Documents\Visual Studio 2013\Projects\Pet_shelter_app v1.0\Debug\Pet_shelter_app v1.0.lib" /MACHINE:X86 Debug\Controller.obj
         Debug\Animal.obj
         Debug\DynamicArray.obj
         Debug\Main.obj
         Debug\Repository.obj
         Debug\Shelter.obj
         Debug\UI.obj
         Pet_shelter_app.vcxproj -> C:\Users\A Cell MUSCHITO\Documents\Visual Studio 2013\Projects\Pet_shelter_app v1.0\Debug\Pet_shelter_app v1.0.exe
     1>Done Building Project "C:\Users\A Cell MUSCHITO\Documents\Visual Studio 2013\Projects\Pet_shelter_app v1.0\Pet_shelter_app\Pet_shelter_app.vcxproj" (Build target(s)).

Build succeeded.

Time Elapsed 00:00:06.94
